<?xml version="1.0" encoding="UTF-8"?>
<testsuite name="co.edu.unal.paralela.ReciprocalArraySumTest" time="44.901" tests="4" errors="0" skipped="0" failures="1">
  <properties>
[...]
</properties>
  <testcase name="testParSimpleTwoHundredMillion" classname="co.edu.unal.paralela.ReciprocalArraySumTest" time="24.683"/>
  <testcase name="testParManyTaskTwoMillion" classname="co.edu.unal.paralela.ReciprocalArraySumTest" time="0.24"/>
  <testcase name="testParManyTaskTwoHundredMillion" classname="co.edu.unal.paralela.ReciprocalArraySumTest" time="19.693">
    <failure message="Se esperaba que la implmentación de muchas tareas en paralelo pudiera ejecutarse  9.600000x veces más rápido, pero solo alcanzo a mejorar la rapidez (speedup) 4.769231x veces" type="junit.framework.AssertionFailedError">junit.framework.AssertionFailedError: Se esperaba que la implmentación de muchas tareas en paralelo pudiera ejecutarse  9.600000x veces más rápido, pero solo alcanzo a mejorar la rapidez (speedup) 4.769231x veces
	at junit.framework.Assert.fail(Assert.java:47)
	at junit.framework.Assert.assertTrue(Assert.java:20)
	at co.edu.unal.paralela.ReciprocalArraySumTest.testParManyTaskTwoHundredMillion(ReciprocalArraySumTest.java:149)
</failure>
  </testcase>
  <testcase name="testParSimpleTwoMillion" classname="co.edu.unal.paralela.ReciprocalArraySumTest" time="0.285"/>
</testsuite>